Warning[205] C:\USERS\YUNUS\DESKTOP\CALISMA\SOS\SOS.ASM 1 : Found directive in column 1. (INCLUDE)
Message[301] C:\PROGRAM FILES (X86)\MICROCHIP\MPASM SUITE\P16F877.INC 33 : MESSAGE: (Processor-header file mismatch.  Verify selected processor.)
Warning[205] C:\USERS\YUNUS\DESKTOP\CALISMA\SOS\SOS.ASM 4 : Found directive in column 1. (ORG)
Warning[205] C:\USERS\YUNUS\DESKTOP\CALISMA\SOS\SOS.ASM 5 : Found directive in column 1. (BANKSEL)
Warning[203] C:\USERS\YUNUS\DESKTOP\CALISMA\SOS\SOS.ASM 6 : Found opcode in column 1. (CLRF)
Message[302] C:\USERS\YUNUS\DESKTOP\CALISMA\SOS\SOS.ASM 6 : Register in operand not in bank 0.  Ensure that bank bits are correct.
Warning[205] C:\USERS\YUNUS\DESKTOP\CALISMA\SOS\SOS.ASM 7 : Found directive in column 1. (BANKSEL)
Warning[203] C:\USERS\YUNUS\DESKTOP\CALISMA\SOS\SOS.ASM 8 : Found opcode in column 1. (CLRF)
Warning[205] C:\USERS\YUNUS\DESKTOP\CALISMA\SOS\SOS.ASM 9 : Found directive in column 1. (BANKSEL)
Warning[203] C:\USERS\YUNUS\DESKTOP\CALISMA\SOS\SOS.ASM 10 : Found opcode in column 1. (MOVLW)
Warning[203] C:\USERS\YUNUS\DESKTOP\CALISMA\SOS\SOS.ASM 11 : Found opcode in column 1. (MOVWF)
Message[302] C:\USERS\YUNUS\DESKTOP\CALISMA\SOS\SOS.ASM 11 : Register in operand not in bank 0.  Ensure that bank bits are correct.
Warning[205] C:\USERS\YUNUS\DESKTOP\CALISMA\SOS\SOS.ASM 12 : Found directive in column 1. (BANKSEL)
Warning[203] C:\USERS\YUNUS\DESKTOP\CALISMA\SOS\SOS.ASM 13 : Found opcode in column 1. (MOVLW)
Warning[203] C:\USERS\YUNUS\DESKTOP\CALISMA\SOS\SOS.ASM 14 : Found opcode in column 1. (MOVWF)
Message[302] C:\USERS\YUNUS\DESKTOP\CALISMA\SOS\SOS.ASM 14 : Register in operand not in bank 0.  Ensure that bank bits are correct.
Warning[205] C:\USERS\YUNUS\DESKTOP\CALISMA\SOS\SOS.ASM 15 : Found directive in column 1. (BANKSEL)
Warning[203] C:\USERS\YUNUS\DESKTOP\CALISMA\SOS\SOS.ASM 16 : Found opcode in column 1. (MOVLW)
Warning[203] C:\USERS\YUNUS\DESKTOP\CALISMA\SOS\SOS.ASM 17 : Found opcode in column 1. (MOVWF)
Warning[203] C:\USERS\YUNUS\DESKTOP\CALISMA\SOS\SOS.ASM 19 : Found opcode in column 1. (BTFSS)
Warning[203] C:\USERS\YUNUS\DESKTOP\CALISMA\SOS\SOS.ASM 20 : Found opcode in column 1. (GOTO)
Warning[203] C:\USERS\YUNUS\DESKTOP\CALISMA\SOS\SOS.ASM 21 : Found opcode in column 1. (MOVLW)
Warning[203] C:\USERS\YUNUS\DESKTOP\CALISMA\SOS\SOS.ASM 22 : Found opcode in column 1. (MOVWF)
Warning[203] C:\USERS\YUNUS\DESKTOP\CALISMA\SOS\SOS.ASM 23 : Found opcode in column 1. (CALL)
Warning[203] C:\USERS\YUNUS\DESKTOP\CALISMA\SOS\SOS.ASM 24 : Found opcode in column 1. (MOVLW)
Warning[203] C:\USERS\YUNUS\DESKTOP\CALISMA\SOS\SOS.ASM 25 : Found opcode in column 1. (MOVWF)
Warning[203] C:\USERS\YUNUS\DESKTOP\CALISMA\SOS\SOS.ASM 26 : Found opcode in column 1. (CALL)
Warning[203] C:\USERS\YUNUS\DESKTOP\CALISMA\SOS\SOS.ASM 27 : Found opcode in column 1. (MOVLW)
Warning[203] C:\USERS\YUNUS\DESKTOP\CALISMA\SOS\SOS.ASM 28 : Found opcode in column 1. (MOVWF)
Warning[203] C:\USERS\YUNUS\DESKTOP\CALISMA\SOS\SOS.ASM 29 : Found opcode in column 1. (CALL)
Warning[203] C:\USERS\YUNUS\DESKTOP\CALISMA\SOS\SOS.ASM 30 : Found opcode in column 1. (GOTO)
Warning[203] C:\USERS\YUNUS\DESKTOP\CALISMA\SOS\SOS.ASM 32 : Found opcode in column 1. (MOVLW)
Warning[203] C:\USERS\YUNUS\DESKTOP\CALISMA\SOS\SOS.ASM 33 : Found opcode in column 1. (MOVWF)
Warning[203] C:\USERS\YUNUS\DESKTOP\CALISMA\SOS\SOS.ASM 35 : Found opcode in column 1. (MOVLW)
Warning[203] C:\USERS\YUNUS\DESKTOP\CALISMA\SOS\SOS.ASM 36 : Found opcode in column 1. (MOVWF)
Warning[203] C:\USERS\YUNUS\DESKTOP\CALISMA\SOS\SOS.ASM 38 : Found opcode in column 1. (DECFSZ)
Warning[203] C:\USERS\YUNUS\DESKTOP\CALISMA\SOS\SOS.ASM 39 : Found opcode in column 1. (GOTO)
Warning[203] C:\USERS\YUNUS\DESKTOP\CALISMA\SOS\SOS.ASM 40 : Found opcode in column 1. (DECFSZ)
Warning[203] C:\USERS\YUNUS\DESKTOP\CALISMA\SOS\SOS.ASM 41 : Found opcode in column 1. (GOTO)
Warning[203] C:\USERS\YUNUS\DESKTOP\CALISMA\SOS\SOS.ASM 42 : Found opcode in column 1. (RETURN)
Warning[205] C:\USERS\YUNUS\DESKTOP\CALISMA\SOS\SOS.ASM 43 : Found directive in column 1. (END)
